13:17:49.023 [main] INFO  utils.Log - Initilization
13:17:49.036 [main] INFO  utils.Log - Verifying Title Display
13:17:56.722 [main] INFO  utils.Log - Initilization
13:17:56.725 [main] INFO  utils.Log - Validating the title
13:26:57.747 [main] INFO  utils.Log - ****************************************************************************************
13:26:57.752 [main] INFO  utils.Log - ****************************************************************************************
13:26:57.752 [main] INFO  utils.Log - $$$$$$$$$$$$$$$$$$$$$                 Home Page Test       $$$$$$$$$$$$$$$$$$$$$$$$$
13:26:57.752 [main] INFO  utils.Log - ****************************************************************************************
13:26:57.754 [main] INFO  utils.Log - ****************************************************************************************
13:26:57.771 [main] INFO  utils.Log - Initilization
13:26:57.777 [main] INFO  utils.Log - Verifying Title Display
13:27:00.623 [main] INFO  utils.Log - XXXXXXXXXXXXXXXXXXXXXXX             -E---N---D-             XXXXXXXXXXXXXXXXXXXXXX
13:27:00.623 [main] INFO  utils.Log - X
13:27:00.624 [main] INFO  utils.Log - X
13:27:00.624 [main] INFO  utils.Log - X
13:27:00.624 [main] INFO  utils.Log - X
13:27:04.930 [main] INFO  utils.Log - ****************************************************************************************
13:27:04.931 [main] INFO  utils.Log - ****************************************************************************************
13:27:04.931 [main] INFO  utils.Log - $$$$$$$$$$$$$$$$$$$$$                 Home Page Test       $$$$$$$$$$$$$$$$$$$$$$$$$
13:27:04.931 [main] INFO  utils.Log - ****************************************************************************************
13:27:04.931 [main] INFO  utils.Log - ****************************************************************************************
13:27:04.931 [main] INFO  utils.Log - Initilization
13:27:04.934 [main] INFO  utils.Log - Validating the title
13:27:07.907 [main] INFO  utils.Log - XXXXXXXXXXXXXXXXXXXXXXX             -E---N---D-             XXXXXXXXXXXXXXXXXXXXXX
13:27:07.907 [main] INFO  utils.Log - X
13:27:07.907 [main] INFO  utils.Log - X
13:27:07.908 [main] INFO  utils.Log - X
13:27:07.908 [main] INFO  utils.Log - X
